<?xml version="1.0" encoding="UTF-8"?>
<!-- Generated by org.testng.reporters.JUnitReportReporter -->
<testsuite hostname="LAPTOP-P4APU0LT" failures="0" tests="1" name="testingWithTestNG.TestClass" time="81.354" errors="0" timestamp="2021-01-26T11:14:20 IST" skipped="0">
  <testcase classname="testingWithTestNG.TestClass" name="Shopping" time="81.354"/>
  <system-out/>
</testsuite> <!-- testingWithTestNG.TestClass -->
