<?xml version="1.0" encoding="UTF-8"?>
<!-- Generated by org.testng.reporters.JUnitReportReporter -->
<testsuite hostname="LAPTOP-P4APU0LT" failures="0" tests="1" name="utils.HelperMethods" time="0.009" errors="0" timestamp="2021-01-24T15:19:04 IST" skipped="0">
  <testcase classname="utils.HelperMethods" name="Passw" time="0.009"/>
  <system-out/>
</testsuite> <!-- utils.HelperMethods -->
